TN:
SF:backend/localStorage.js
FN:24,getReviewsFromStorage
FN:35,addReviewsToDocument
FN:50,saveReviewsToStorage
FN:81,createReviewObject
FN:82,(anonymous_4)
FN:117,initFormHandler
FN:138,(anonymous_6)
FN:143,(anonymous_7)
FN:184,(anonymous_8)
FN:211,updateReview
FN:213,(anonymous_10)
FN:235,deleteReviewById
FN:236,(anonymous_12)
FN:241,processImageForStorage
FN:242,(anonymous_14)
FN:244,(anonymous_15)
FN:246,(anonymous_16)
FN:268,(anonymous_17)
FN:274,(anonymous_18)
FNF:19
FNH:18
FNDA:9,getReviewsFromStorage
FNDA:4,addReviewsToDocument
FNDA:8,saveReviewsToStorage
FNDA:1,createReviewObject
FNDA:1,(anonymous_4)
FNDA:3,initFormHandler
FNDA:1,(anonymous_6)
FNDA:1,(anonymous_7)
FNDA:0,(anonymous_8)
FNDA:2,updateReview
FNDA:3,(anonymous_10)
FNDA:4,deleteReviewById
FNDA:7,(anonymous_12)
FNDA:3,processImageForStorage
FNDA:3,(anonymous_14)
FNDA:2,(anonymous_15)
FNDA:1,(anonymous_16)
FNDA:1,(anonymous_17)
FNDA:1,(anonymous_18)
DA:25,9
DA:36,4
DA:37,4
DA:38,4
DA:39,4
DA:40,4
DA:51,8
DA:52,8
DA:53,7
DA:55,1
DA:56,1
DA:82,1
DA:83,1
DA:84,1
DA:85,1
DA:86,1
DA:88,1
DA:89,0
DA:90,0
DA:92,0
DA:96,1
DA:118,3
DA:119,3
DA:124,3
DA:126,3
DA:127,1
DA:128,1
DA:132,2
DA:133,0
DA:135,2
DA:138,2
DA:139,1
DA:140,1
DA:141,1
DA:142,1
DA:143,1
DA:145,1
DA:146,1
DA:147,1
DA:148,1
DA:151,0
DA:152,0
DA:155,0
DA:156,0
DA:157,0
DA:158,0
DA:160,0
DA:161,0
DA:165,0
DA:166,0
DA:167,0
DA:168,0
DA:169,0
DA:170,0
DA:172,0
DA:176,0
DA:177,0
DA:182,2
DA:183,2
DA:184,0
DA:185,0
DA:186,0
DA:187,0
DA:189,0
DA:190,0
DA:193,0
DA:196,0
DA:212,2
DA:213,2
DA:214,3
DA:215,1
DA:216,1
DA:218,2
DA:221,2
DA:222,1
DA:224,1
DA:236,7
DA:237,4
DA:242,3
DA:243,3
DA:244,3
DA:245,2
DA:246,2
DA:247,1
DA:248,1
DA:250,1
DA:251,0
DA:252,0
DA:253,0
DA:256,1
DA:257,0
DA:258,0
DA:261,1
DA:262,1
DA:263,1
DA:264,1
DA:266,1
DA:268,2
DA:269,1
DA:270,1
DA:272,2
DA:274,3
DA:275,1
DA:276,1
DA:278,3
LF:105
LH:71
BRDA:25,0,0,9
BRDA:25,0,1,2
BRDA:83,1,0,1
BRDA:83,1,1,1
BRDA:88,2,0,0
BRDA:88,2,1,1
BRDA:88,3,0,1
BRDA:88,3,1,0
BRDA:100,4,0,1
BRDA:100,4,1,0
BRDA:118,5,0,3
BRDA:118,5,1,0
BRDA:126,6,0,1
BRDA:126,6,1,2
BRDA:132,7,0,0
BRDA:132,7,1,2
BRDA:145,8,0,1
BRDA:145,8,1,0
BRDA:160,9,0,0
BRDA:160,9,1,0
BRDA:169,10,0,0
BRDA:169,10,1,0
BRDA:183,11,0,0
BRDA:183,11,1,2
BRDA:183,12,0,2
BRDA:183,12,1,0
BRDA:185,13,0,0
BRDA:185,13,1,0
BRDA:190,14,0,0
BRDA:190,14,1,0
BRDA:214,15,0,1
BRDA:214,15,1,2
BRDA:221,16,0,1
BRDA:221,16,1,1
BRDA:241,17,0,3
BRDA:241,18,0,3
BRDA:241,19,0,3
BRDA:250,20,0,0
BRDA:250,20,1,1
BRDA:251,21,0,0
BRDA:251,21,1,0
BRDA:256,22,0,0
BRDA:256,22,1,1
BRF:43
BRH:23
end_of_record
