TN:
SF:backend/localStorage.js
FN:24,getReviewsFromStorage
FN:35,addReviewsToDocument
FN:50,saveReviewsToStorage
FN:81,createReviewObject
FN:82,(anonymous_4)
FN:122,initFormHandler
FN:143,(anonymous_6)
FN:148,(anonymous_7)
FN:189,(anonymous_8)
FN:216,updateReview
FN:218,(anonymous_10)
FN:240,deleteReviewById
FN:241,(anonymous_12)
FN:246,processImageForStorage
FN:247,(anonymous_14)
FN:249,(anonymous_15)
FN:251,(anonymous_16)
FN:273,(anonymous_17)
FN:279,(anonymous_18)
FNF:19
FNH:18
FNDA:9,getReviewsFromStorage
FNDA:4,addReviewsToDocument
FNDA:8,saveReviewsToStorage
FNDA:1,createReviewObject
FNDA:1,(anonymous_4)
FNDA:3,initFormHandler
FNDA:1,(anonymous_6)
FNDA:1,(anonymous_7)
FNDA:0,(anonymous_8)
FNDA:2,updateReview
FNDA:3,(anonymous_10)
FNDA:4,deleteReviewById
FNDA:7,(anonymous_12)
FNDA:3,processImageForStorage
FNDA:3,(anonymous_14)
FNDA:2,(anonymous_15)
FNDA:1,(anonymous_16)
FNDA:1,(anonymous_17)
FNDA:1,(anonymous_18)
DA:25,9
DA:36,4
DA:37,4
DA:38,4
DA:39,4
DA:40,4
DA:51,8
DA:52,8
DA:53,7
DA:55,1
DA:56,1
DA:82,1
DA:83,1
DA:84,1
DA:85,1
DA:87,1
DA:88,1
DA:90,1
DA:91,0
DA:92,0
DA:94,0
DA:99,1
DA:112,1
DA:123,3
DA:124,3
DA:129,3
DA:131,3
DA:132,1
DA:133,1
DA:137,2
DA:138,0
DA:140,2
DA:143,2
DA:144,1
DA:145,1
DA:146,1
DA:147,1
DA:148,1
DA:150,1
DA:151,1
DA:152,1
DA:153,1
DA:156,0
DA:157,0
DA:160,0
DA:161,0
DA:162,0
DA:163,0
DA:165,0
DA:166,0
DA:170,0
DA:171,0
DA:172,0
DA:173,0
DA:174,0
DA:175,0
DA:177,0
DA:181,0
DA:182,0
DA:187,2
DA:188,2
DA:189,0
DA:190,0
DA:191,0
DA:192,0
DA:194,0
DA:195,0
DA:198,0
DA:201,0
DA:217,2
DA:218,2
DA:219,3
DA:220,1
DA:221,1
DA:223,2
DA:226,2
DA:227,1
DA:229,1
DA:241,7
DA:242,4
DA:247,3
DA:248,3
DA:249,3
DA:250,2
DA:251,2
DA:252,1
DA:253,1
DA:255,1
DA:256,0
DA:257,0
DA:258,0
DA:261,1
DA:262,0
DA:263,0
DA:266,1
DA:267,1
DA:268,1
DA:269,1
DA:271,1
DA:273,2
DA:274,1
DA:275,1
DA:277,2
DA:279,3
DA:280,1
DA:281,1
DA:283,3
LF:107
LH:73
BRDA:25,0,0,9
BRDA:25,0,1,2
BRDA:83,1,0,1
BRDA:83,1,1,1
BRDA:90,2,0,0
BRDA:90,2,1,1
BRDA:90,3,0,1
BRDA:90,3,1,0
BRDA:103,4,0,1
BRDA:103,4,1,0
BRDA:104,5,0,1
BRDA:104,5,1,0
BRDA:123,6,0,3
BRDA:123,6,1,0
BRDA:131,7,0,1
BRDA:131,7,1,2
BRDA:137,8,0,0
BRDA:137,8,1,2
BRDA:150,9,0,1
BRDA:150,9,1,0
BRDA:165,10,0,0
BRDA:165,10,1,0
BRDA:174,11,0,0
BRDA:174,11,1,0
BRDA:188,12,0,0
BRDA:188,12,1,2
BRDA:188,13,0,2
BRDA:188,13,1,0
BRDA:190,14,0,0
BRDA:190,14,1,0
BRDA:195,15,0,0
BRDA:195,15,1,0
BRDA:219,16,0,1
BRDA:219,16,1,2
BRDA:226,17,0,1
BRDA:226,17,1,1
BRDA:246,18,0,3
BRDA:246,19,0,3
BRDA:246,20,0,3
BRDA:255,21,0,0
BRDA:255,21,1,1
BRDA:256,22,0,0
BRDA:256,22,1,0
BRDA:261,23,0,0
BRDA:261,23,1,1
BRF:45
BRH:24
end_of_record
